mpd.slice.0-999.json
Total playlists: 100
Non-empty playlists: 100
Number of nodes (undirected graph): 3638
Number of edges (undirected graph): 4063
Using cuda
Indexing per node: 3638
Non-neighbors per node: 3638
Neighbors per node: 3638
embeddings shape before
torch.Size([3638, 8])
epoch: 1/1000
loss: 13643.494140625
epoch: 2/1000
loss: 13518.064453125
epoch: 3/1000
loss: 13448.44140625
epoch: 4/1000
loss: 13322.8916015625
epoch: 5/1000
loss: 13188.9443359375
epoch: 6/1000
loss: 13093.5439453125
epoch: 7/1000
loss: 12977.271484375
epoch: 8/1000
loss: 12878.9853515625
epoch: 9/1000
loss: 12776.26953125
epoch: 10/1000
loss: 12700.2275390625
epoch: 11/1000
loss: 12592.0849609375
epoch: 12/1000
loss: 12506.7099609375
epoch: 13/1000
loss: 12443.7763671875
epoch: 14/1000
loss: 12303.0634765625
epoch: 15/1000
loss: 12261.54296875
epoch: 16/1000
loss: 12150.533203125
epoch: 17/1000
loss: 11990.8408203125
epoch: 18/1000
loss: 11993.361328125
epoch: 19/1000
loss: 11838.9296875
epoch: 20/1000
loss: 11789.3466796875
epoch: 21/1000
loss: 11735.6787109375
epoch: 22/1000
loss: 11585.4736328125
epoch: 23/1000
loss: 11494.224609375
epoch: 24/1000
loss: 11478.26171875
epoch: 25/1000
loss: 11441.4296875
epoch: 26/1000
loss: 11333.27734375
epoch: 27/1000
loss: 11263.3203125
epoch: 28/1000
loss: 11167.10546875
epoch: 29/1000
loss: 11086.83984375
epoch: 30/1000
loss: 10986.6826171875
epoch: 31/1000
loss: 10937.32421875
epoch: 32/1000
loss: 10909.1611328125
epoch: 33/1000
loss: 10830.3134765625
epoch: 34/1000
loss: 10776.1396484375
epoch: 35/1000
loss: 10668.7802734375
epoch: 36/1000
loss: 10643.6865234375
epoch: 37/1000
loss: 10539.3349609375
epoch: 38/1000
loss: 10527.8759765625
epoch: 39/1000
loss: 10478.4208984375
epoch: 40/1000
loss: 10440.5634765625
epoch: 41/1000
loss: 10310.8125
epoch: 42/1000
loss: 10334.185546875
epoch: 43/1000
loss: 10201.3544921875
epoch: 44/1000
loss: 10179.966796875
epoch: 45/1000
loss: 10154.759765625
epoch: 46/1000
loss: 10121.638671875
epoch: 47/1000
loss: 10054.48828125
epoch: 48/1000
loss: 10028.91796875
epoch: 49/1000
loss: 9981.0322265625
epoch: 50/1000
loss: 9946.7890625
epoch: 51/1000
loss: 9945.0205078125
epoch: 52/1000
loss: 9850.8525390625
epoch: 53/1000
loss: 9854.2373046875
epoch: 54/1000
loss: 9751.3134765625
epoch: 55/1000
loss: 9722.0458984375
epoch: 56/1000
loss: 9648.859375
epoch: 57/1000
loss: 9619.455078125
epoch: 58/1000
loss: 9567.1240234375
epoch: 59/1000
loss: 9572.0166015625
epoch: 60/1000
loss: 9510.033203125
epoch: 61/1000
loss: 9475.822265625
epoch: 62/1000
loss: 9481.6318359375
epoch: 63/1000
loss: 9445.8505859375
epoch: 64/1000
loss: 9462.6572265625
epoch: 65/1000
loss: 9409.5146484375
epoch: 66/1000
loss: 9355.7099609375
epoch: 67/1000
loss: 9340.033203125
epoch: 68/1000
loss: 9307.048828125
epoch: 69/1000
loss: 9290.0390625
epoch: 70/1000
loss: 9220.9267578125
epoch: 71/1000
loss: 9221.2978515625
epoch: 72/1000
loss: 9154.5693359375
epoch: 73/1000
loss: 9179.0732421875
epoch: 74/1000
loss: 9156.0244140625
epoch: 75/1000
loss: 9109.65625
epoch: 76/1000
loss: 9092.0458984375
epoch: 77/1000
loss: 8995.498046875
epoch: 78/1000
loss: 9090.2880859375
epoch: 79/1000
loss: 8967.01953125
epoch: 80/1000
loss: 8998.6484375
epoch: 81/1000
loss: 8964.95703125
epoch: 82/1000
loss: 8984.740234375
epoch: 83/1000
loss: 9015.3232421875
epoch: 84/1000
loss: 8960.8740234375
epoch: 85/1000
loss: 8939.998046875
epoch: 86/1000
loss: 8883.009765625
epoch: 87/1000
loss: 8883.98046875
epoch: 88/1000
loss: 8878.041015625
epoch: 89/1000
loss: 8801.955078125
epoch: 90/1000
loss: 8875.025390625
epoch: 91/1000
loss: 8855.7880859375
epoch: 92/1000
loss: 8742.8583984375
epoch: 93/1000
loss: 8802.44921875
epoch: 94/1000
loss: 8822.4990234375
epoch: 95/1000
loss: 8730.2734375
epoch: 96/1000
loss: 8749.9013671875
epoch: 97/1000
loss: 8737.763671875
epoch: 98/1000
loss: 8694.49609375
epoch: 99/1000
loss: 8693.5966796875
epoch: 100/1000
loss: 8733.654296875
epoch: 101/1000
loss: 8645.7421875
epoch: 102/1000
loss: 8655.21484375
epoch: 103/1000
loss: 8635.3935546875
epoch: 104/1000
loss: 8605.4521484375
epoch: 105/1000
loss: 8598.4248046875
epoch: 106/1000
loss: 8586.4833984375
epoch: 107/1000
loss: 8566.5380859375
epoch: 108/1000
loss: 8618.38671875
epoch: 109/1000
loss: 8585.1689453125
epoch: 110/1000
loss: 8561.3740234375
epoch: 111/1000
loss: 8569.701171875
epoch: 112/1000
loss: 8548.279296875
epoch: 113/1000
loss: 8545.46484375
epoch: 114/1000
loss: 8517.337890625
epoch: 115/1000
loss: 8486.1806640625
epoch: 116/1000
loss: 8535.6904296875
epoch: 117/1000
loss: 8437.146484375
epoch: 118/1000
loss: 8472.259765625
epoch: 119/1000
loss: 8461.099609375
epoch: 120/1000
loss: 8450.8642578125
epoch: 121/1000
loss: 8424.1875
epoch: 122/1000
loss: 8393.77734375
epoch: 123/1000
loss: 8419.8681640625
epoch: 124/1000
loss: 8400.24609375
epoch: 125/1000
loss: 8404.0400390625
epoch: 126/1000
loss: 8387.423828125
epoch: 127/1000
loss: 8394.1357421875
epoch: 128/1000
loss: 8344.755859375
epoch: 129/1000
loss: 8394.0615234375
epoch: 130/1000
loss: 8393.0166015625
epoch: 131/1000
loss: 8335.5771484375
epoch: 132/1000
loss: 8332.380859375
epoch: 133/1000
loss: 8333.6923828125
epoch: 134/1000
loss: 8336.0361328125
epoch: 135/1000
loss: 8337.2236328125
epoch: 136/1000
loss: 8278.501953125
epoch: 137/1000
loss: 8312.5478515625
epoch: 138/1000
loss: 8333.7294921875
epoch: 139/1000
loss: 8299.83984375
epoch: 140/1000
loss: 8290.2109375
epoch: 141/1000
loss: 8247.0625
epoch: 142/1000
loss: 8270.8984375
epoch: 143/1000
loss: 8250.3916015625
epoch: 144/1000
loss: 8214.4208984375
epoch: 145/1000
loss: 8192.5673828125
epoch: 146/1000
loss: 8214.017578125
epoch: 147/1000
loss: 8208.9990234375
epoch: 148/1000
loss: 8184.4169921875
epoch: 149/1000
loss: 8179.3359375
epoch: 150/1000
loss: 8206.720703125
epoch: 151/1000
loss: 8214.63671875
epoch: 152/1000
loss: 8214.8798828125
epoch: 153/1000
loss: 8212.7392578125
epoch: 154/1000
loss: 8167.46826171875
epoch: 155/1000
loss: 8133.5126953125
epoch: 156/1000
loss: 8138.75244140625
epoch: 157/1000
loss: 8129.0009765625
epoch: 158/1000
loss: 8096.3544921875
epoch: 159/1000
loss: 8104.5498046875
epoch: 160/1000
loss: 8129.88427734375
epoch: 161/1000
loss: 8077.46484375
epoch: 162/1000
loss: 8106.1591796875
epoch: 163/1000
loss: 8113.29931640625
epoch: 164/1000
loss: 8053.36328125
epoch: 165/1000
loss: 8068.240234375
epoch: 166/1000
loss: 8049.0537109375
epoch: 167/1000
loss: 8103.90869140625
epoch: 168/1000
loss: 8024.39599609375
epoch: 169/1000
loss: 8049.3955078125
epoch: 170/1000
loss: 8039.87158203125
epoch: 171/1000
loss: 8052.22412109375
epoch: 172/1000
loss: 8089.5615234375
epoch: 173/1000
loss: 8067.943359375
epoch: 174/1000
loss: 8033.84619140625
epoch: 175/1000
loss: 8017.03955078125
epoch: 176/1000
loss: 8056.0869140625
epoch: 177/1000
loss: 8025.642578125
epoch: 178/1000
loss: 8018.69091796875
epoch: 179/1000
loss: 8069.3583984375
epoch: 180/1000
loss: 7973.11767578125
epoch: 181/1000
loss: 7962.88623046875
epoch: 182/1000
loss: 8015.7568359375
epoch: 183/1000
loss: 7942.15380859375
epoch: 184/1000
loss: 7982.236328125
epoch: 185/1000
loss: 7972.556640625
epoch: 186/1000
loss: 7979.0849609375
epoch: 187/1000
loss: 7901.26123046875
epoch: 188/1000
loss: 7943.05859375
epoch: 189/1000
loss: 7932.19873046875
epoch: 190/1000
loss: 7928.9638671875
epoch: 191/1000
loss: 7921.03271484375
epoch: 192/1000
loss: 7910.08154296875
epoch: 193/1000
loss: 7930.24853515625
epoch: 194/1000
loss: 7949.20458984375
epoch: 195/1000
loss: 7927.40869140625
epoch: 196/1000
loss: 7889.884765625
epoch: 197/1000
loss: 7916.37841796875
epoch: 198/1000
loss: 7891.29248046875
epoch: 199/1000
loss: 7929.0751953125
epoch: 200/1000
loss: 7912.98974609375
epoch: 201/1000
loss: 7841.9345703125
epoch: 202/1000
loss: 7912.33740234375
epoch: 203/1000
loss: 7867.02001953125
epoch: 204/1000
loss: 7833.64697265625
epoch: 205/1000
loss: 7830.52880859375
epoch: 206/1000
loss: 7837.29150390625
epoch: 207/1000
loss: 7829.85693359375
epoch: 208/1000
loss: 7838.21142578125
epoch: 209/1000
loss: 7872.37060546875
epoch: 210/1000
loss: 7847.4677734375
epoch: 211/1000
loss: 7853.548828125
epoch: 212/1000
loss: 7845.43701171875
epoch: 213/1000
loss: 7821.41455078125
epoch: 214/1000
loss: 7855.7939453125
epoch: 215/1000
loss: 7835.78564453125
epoch: 216/1000
loss: 7872.72900390625
epoch: 217/1000
loss: 7864.22314453125
epoch: 218/1000
loss: 7820.56884765625
epoch: 219/1000
loss: 7812.02001953125
epoch: 220/1000
loss: 7804.75830078125
epoch: 221/1000
loss: 7769.21337890625
epoch: 222/1000
loss: 7793.71337890625
epoch: 223/1000
loss: 7782.39501953125
epoch: 224/1000
loss: 7828.83837890625
epoch: 225/1000
loss: 7799.88720703125
epoch: 226/1000
loss: 7807.31396484375
epoch: 227/1000
loss: 7724.2451171875
epoch: 228/1000
loss: 7771.99365234375
epoch: 229/1000
loss: 7696.49853515625
epoch: 230/1000
loss: 7806.7099609375
epoch: 231/1000
loss: 7732.1328125
epoch: 232/1000
loss: 7747.65625
epoch: 233/1000
loss: 7747.63916015625
epoch: 234/1000
loss: 7725.787109375
epoch: 235/1000
loss: 7788.4345703125
epoch: 236/1000
loss: 7717.24560546875
epoch: 237/1000
loss: 7650.90185546875
epoch: 238/1000
loss: 7764.04541015625
epoch: 239/1000
loss: 7689.556640625
epoch: 240/1000
loss: 7705.40625
epoch: 241/1000
loss: 7692.138671875
epoch: 242/1000
loss: 7692.75244140625
epoch: 243/1000
loss: 7722.68212890625
epoch: 244/1000
loss: 7695.90576171875
epoch: 245/1000
loss: 7721.67236328125
epoch: 246/1000
loss: 7717.50634765625
epoch: 247/1000
loss: 7703.6962890625
Early stopping - Epoch: 246, Best loss: 7650.90185546875
Total Training Time: 443.1276 seconds
embeddings shape after
(3638, 8)
test playlist 1/30
test playlist 2/30
test playlist 3/30
test playlist 4/30
test playlist 5/30
test playlist 6/30
test playlist 7/30
test playlist 8/30
test playlist 9/30test playlist 10/30
test playlist 11/30

test playlist 12/30
test playlist 13/30
test playlist 14/30
test playlist 15/30
test playlist 16/30
test playlist 17/30
test playlist 18/30
test playlist 19/30
test playlist 20/30
test playlist 21/30
test playlist 22/30
test playlist 23/30
test playlist 24/30
test playlist 25/30
test playlist 26/30
test playlist 27/30
test playlist 28/30
test playlist 29/30
test playlist 30/30
Round 1/10 results:
Method: Popularity - Mean Reciprocal Rank (MRR): 0.185
Method: Popularity - Recall@5: 0.159
Method: Co-occurence - Mean Reciprocal Rank (MRR): 0.274
Method: Co-occurence - Recall@5: 0.451
Method: SentencePoissonEmb - Mean Reciprocal Rank (MRR): 0.235
Method: SentencePoissonEmb - Recall@5: 0.357
test playlist 1/30
test playlist 2/30
test playlist 3/30
test playlist 4/30
test playlist 5/30
test playlist 6/30
test playlist 7/30
test playlist 8/30
test playlist 9/30
test playlist 10/30
test playlist 11/30
test playlist 12/30
test playlist 13/30
test playlist 14/30
test playlist 15/30
test playlist 16/30
test playlist 17/30
test playlist 18/30
test playlist 19/30
test playlist 20/30
test playlist 21/30
test playlist 22/30
test playlist 23/30
test playlist 24/30test playlist 25/30

test playlist 26/30
test playlist 27/30
test playlist 28/30
test playlist 29/30
test playlist 30/30
Round 2/10 results:
Method: Popularity - Mean Reciprocal Rank (MRR): 0.188
Method: Popularity - Recall@5: 0.159
Method: Co-occurence - Mean Reciprocal Rank (MRR): 0.279
Method: Co-occurence - Recall@5: 0.459
Method: SentencePoissonEmb - Mean Reciprocal Rank (MRR): 0.250
Method: SentencePoissonEmb - Recall@5: 0.378
test playlist 1/30
test playlist 2/30
test playlist 3/30
test playlist 4/30test playlist 5/30

test playlist 6/30
test playlist 7/30test playlist 8/30

test playlist 9/30
test playlist 10/30
test playlist 11/30
test playlist 12/30
test playlist 13/30
test playlist 14/30
test playlist 15/30
test playlist 16/30test playlist 17/30
test playlist 18/30

test playlist 19/30
test playlist 20/30
test playlist 21/30
test playlist 22/30
test playlist 23/30
test playlist 24/30
test playlist 25/30
test playlist 26/30
test playlist 27/30
test playlist 28/30
test playlist 29/30
test playlist 30/30
Round 3/10 results:
Method: Popularity - Mean Reciprocal Rank (MRR): 0.188
Method: Popularity - Recall@5: 0.159
Method: Co-occurence - Mean Reciprocal Rank (MRR): 0.262
Method: Co-occurence - Recall@5: 0.435
Method: SentencePoissonEmb - Mean Reciprocal Rank (MRR): 0.245
Method: SentencePoissonEmb - Recall@5: 0.372
test playlist 1/30
test playlist 2/30
test playlist 3/30
test playlist 4/30
test playlist 5/30
test playlist 6/30
test playlist 7/30
test playlist 8/30
test playlist 9/30
test playlist 10/30
test playlist 11/30
test playlist 12/30test playlist 13/30

test playlist 14/30
test playlist 15/30
test playlist 16/30
test playlist 17/30test playlist 18/30

test playlist 19/30
test playlist 20/30
test playlist 21/30
test playlist 22/30
test playlist 23/30
test playlist 24/30
test playlist 25/30
test playlist 26/30
test playlist 27/30
test playlist 28/30
test playlist 29/30test playlist 30/30

Round 4/10 results:
Method: Popularity - Mean Reciprocal Rank (MRR): 0.187
Method: Popularity - Recall@5: 0.159
Method: Co-occurence - Mean Reciprocal Rank (MRR): 0.267
Method: Co-occurence - Recall@5: 0.447
Method: SentencePoissonEmb - Mean Reciprocal Rank (MRR): 0.233
Method: SentencePoissonEmb - Recall@5: 0.341
test playlist 1/30
test playlist 2/30test playlist 3/30

test playlist 4/30
test playlist 5/30test playlist 6/30

test playlist 7/30
test playlist 8/30
test playlist 9/30
test playlist 10/30
test playlist 11/30
test playlist 12/30test playlist 13/30

test playlist 14/30
test playlist 15/30
test playlist 16/30test playlist 17/30

test playlist 18/30
test playlist 19/30
test playlist 20/30
test playlist 21/30
test playlist 22/30
test playlist 23/30
test playlist 24/30
test playlist 25/30
test playlist 26/30
test playlist 27/30
test playlist 28/30
test playlist 29/30
test playlist 30/30
Round 5/10 results:
Method: Popularity - Mean Reciprocal Rank (MRR): 0.181
Method: Popularity - Recall@5: 0.159
Method: Co-occurence - Mean Reciprocal Rank (MRR): 0.278
Method: Co-occurence - Recall@5: 0.451
Method: SentencePoissonEmb - Mean Reciprocal Rank (MRR): 0.237
Method: SentencePoissonEmb - Recall@5: 0.373
test playlist 1/30
test playlist 2/30
test playlist 3/30
test playlist 4/30
test playlist 5/30
test playlist 6/30
test playlist 7/30
test playlist 8/30
test playlist 9/30
test playlist 10/30
test playlist 11/30
test playlist 12/30test playlist 13/30

test playlist 14/30
test playlist 15/30
test playlist 16/30
test playlist 17/30
test playlist 18/30
test playlist 19/30
test playlist 20/30test playlist 21/30

test playlist 22/30
test playlist 23/30
test playlist 24/30
test playlist 25/30
test playlist 26/30
test playlist 27/30
test playlist 28/30
test playlist 29/30
test playlist 30/30
Round 6/10 results:
Method: Popularity - Mean Reciprocal Rank (MRR): 0.187
Method: Popularity - Recall@5: 0.159
Method: Co-occurence - Mean Reciprocal Rank (MRR): 0.279
Method: Co-occurence - Recall@5: 0.458
Method: SentencePoissonEmb - Mean Reciprocal Rank (MRR): 0.246
Method: SentencePoissonEmb - Recall@5: 0.384
test playlist 1/30test playlist 2/30test playlist 3/30


test playlist 4/30
test playlist 5/30
test playlist 6/30
test playlist 7/30
test playlist 8/30
test playlist 9/30
test playlist 10/30
test playlist 11/30
test playlist 12/30
test playlist 13/30
test playlist 14/30
test playlist 15/30
test playlist 16/30
test playlist 17/30
test playlist 18/30
test playlist 19/30
test playlist 20/30
test playlist 21/30
test playlist 22/30
test playlist 23/30
test playlist 24/30
test playlist 25/30test playlist 26/30

test playlist 27/30
test playlist 28/30
test playlist 29/30
test playlist 30/30
Round 7/10 results:
Method: Popularity - Mean Reciprocal Rank (MRR): 0.184
Method: Popularity - Recall@5: 0.159
Method: Co-occurence - Mean Reciprocal Rank (MRR): 0.279
Method: Co-occurence - Recall@5: 0.444
Method: SentencePoissonEmb - Mean Reciprocal Rank (MRR): 0.244
Method: SentencePoissonEmb - Recall@5: 0.366
test playlist 1/30
test playlist 2/30test playlist 3/30

test playlist 4/30
test playlist 5/30
test playlist 6/30
test playlist 7/30test playlist 8/30

test playlist 9/30
test playlist 10/30
test playlist 11/30
test playlist 12/30
test playlist 13/30
test playlist 14/30
test playlist 15/30
test playlist 16/30
test playlist 17/30test playlist 18/30

test playlist 19/30
test playlist 20/30
test playlist 21/30
test playlist 22/30
test playlist 23/30
test playlist 24/30
test playlist 25/30test playlist 26/30

test playlist 27/30
test playlist 28/30
test playlist 29/30
test playlist 30/30
Round 8/10 results:
Method: Popularity - Mean Reciprocal Rank (MRR): 0.186
Method: Popularity - Recall@5: 0.159
Method: Co-occurence - Mean Reciprocal Rank (MRR): 0.276
Method: Co-occurence - Recall@5: 0.459
Method: SentencePoissonEmb - Mean Reciprocal Rank (MRR): 0.246
Method: SentencePoissonEmb - Recall@5: 0.361
test playlist 1/30
test playlist 2/30
test playlist 3/30
test playlist 4/30
test playlist 5/30
test playlist 6/30
test playlist 7/30
test playlist 8/30
test playlist 9/30
test playlist 10/30
test playlist 11/30
test playlist 12/30
test playlist 13/30
test playlist 14/30
test playlist 15/30
test playlist 16/30test playlist 17/30

test playlist 18/30
test playlist 19/30
test playlist 20/30
test playlist 21/30
test playlist 22/30
test playlist 23/30
test playlist 24/30test playlist 25/30

test playlist 26/30
test playlist 27/30
test playlist 28/30
test playlist 29/30
test playlist 30/30
Round 9/10 results:
Method: Popularity - Mean Reciprocal Rank (MRR): 0.186
Method: Popularity - Recall@5: 0.159
Method: Co-occurence - Mean Reciprocal Rank (MRR): 0.281
Method: Co-occurence - Recall@5: 0.465
Method: SentencePoissonEmb - Mean Reciprocal Rank (MRR): 0.246
Method: SentencePoissonEmb - Recall@5: 0.363
test playlist 1/30test playlist 2/30

test playlist 3/30
test playlist 4/30
test playlist 5/30
test playlist 6/30test playlist 7/30

test playlist 8/30
test playlist 9/30
test playlist 10/30
test playlist 11/30
test playlist 12/30
test playlist 13/30
test playlist 14/30
test playlist 15/30
test playlist 16/30
test playlist 17/30
test playlist 18/30
test playlist 19/30
test playlist 20/30
test playlist 21/30
test playlist 22/30test playlist 23/30

test playlist 24/30
test playlist 25/30
test playlist 26/30
test playlist 27/30
test playlist 28/30
test playlist 29/30
test playlist 30/30
Round 10/10 results:
Method: Popularity - Mean Reciprocal Rank (MRR): 0.188
Method: Popularity - Recall@5: 0.159
Method: Co-occurence - Mean Reciprocal Rank (MRR): 0.277
Method: Co-occurence - Recall@5: 0.454
Method: SentencePoissonEmb - Mean Reciprocal Rank (MRR): 0.249
Method: SentencePoissonEmb - Recall@5: 0.364

Results across 10 evaluation rounds
Method: Popularity - Mean Reciprocal Rank (MRR): 0.186 +- 0.002
Method: Co-occurence - Mean Reciprocal Rank (MRR): 0.275 +- 0.006
Method: SentencePoissonEmb - Mean Reciprocal Rank (MRR): 0.243 +- 0.006
Method: Popularity - Recall@5: 0.159 +- 0.000
Method: Co-occurence - Recall@5: 0.452 +- 0.009
Method: SentencePoissonEmb - Recall@5: 0.366 +- 0.012
